#
# There is insufficient memory for the Java Runtime Environment to continue.
# Native memory allocation (mmap) failed to map 532676608 bytes. Error detail: G1 virtual space
# Possible reasons:
#   The system is out of physical RAM or swap space
#   This process is running with CompressedOops enabled, and the Java Heap may be blocking the growth of the native heap
# Possible solutions:
#   Reduce memory load on the system
#   Increase physical memory or swap space
#   Check if swap backing store is full
#   Decrease Java heap size (-Xmx/-Xms)
#   Decrease number of Java threads
#   Decrease Java thread stack sizes (-Xss)
#   Set larger code cache with -XX:ReservedCodeCacheSize=
#   JVM is running with Zero Based Compressed Oops mode in which the Java heap is
#     placed in the first 32GB address space. The Java Heap base address is the
#     maximum limit for the native heap growth. Please use -XX:HeapBaseMinAddress
#     to set the Java Heap base and to place the Java Heap above 32GB virtual address.
# This output file may be truncated or incomplete.
#
#  Out of Memory Error (os_windows.cpp:3828), pid=90792, tid=51996
#
# JRE version:  (21.0.5) (build )
# Java VM: OpenJDK 64-Bit Server VM (21.0.5+-13047016-b750.29, mixed mode, sharing, tiered, compressed oops, compressed class ptrs, g1 gc, windows-amd64)
# No core dump will be written. Minidumps are not enabled by default on client versions of Windows
#

---------------  S U M M A R Y ------------

Command Line: git4idea.http.GitAskPassApp Username for 'https://github.com': 

Host: 12th Gen Intel(R) Core(TM) i7-12800H, 20 cores, 31G,  Windows 11 , 64 bit Build 26100 (10.0.26100.3912)
Time: Sat May 31 17:21:27 2025 Sri Lanka Standard Time elapsed time: 1.461137 seconds (0d 0h 0m 1s)

---------------  T H R E A D  ---------------

Current thread (0x0000017642472210):  JavaThread "Unknown thread" [_thread_in_vm, id=51996, stack(0x0000007393400000,0x0000007393500000) (1024K)]

Stack: [0x0000007393400000,0x0000007393500000]
Native frames: (J=compiled Java code, j=interpreted, Vv=VM code, C=native code)
V  [jvm.dll+0x6cfb29]
V  [jvm.dll+0x85df93]
V  [jvm.dll+0x8604ee]
V  [jvm.dll+0x860bd3]
V  [jvm.dll+0x27e6b6]
V  [jvm.dll+0x6cc385]
V  [jvm.dll+0x6c078a]
V  [jvm.dll+0x35525b]
V  [jvm.dll+0x35ceb6]
V  [jvm.dll+0x3aedd6]
V  [jvm.dll+0x3af0a8]
V  [jvm.dll+0x32792c]
V  [jvm.dll+0x32861b]
V  [jvm.dll+0x8259d9]
V  [jvm.dll+0x3bbfa8]
V  [jvm.dll+0x80ec88]
V  [jvm.dll+0x45015e]
V  [jvm.dll+0x4518c1]
C  [jli.dll+0x52ab]
C  [ucrtbase.dll+0x37b0]
C  [KERNEL32.DLL+0x2e8d7]
C  [ntdll.dll+0x9c5dc]


---------------  P R O C E S S  ---------------

Threads class SMR info:
_java_thread_list=0x00007ff835390808, length=0, elements={
}

Java Threads: ( => current thread )
Total: 0

Other Threads:
  0x00000176442960d0 WorkerThread "GC Thread#0"                     [id=84632, stack(0x0000007393500000,0x0000007393600000) (1024K)]
  0x00000176442a6e40 ConcurrentGCThread "G1 Main Marker"            [id=86036, stack(0x0000007393600000,0x0000007393700000) (1024K)]
  0x00000176442a8950 WorkerThread "G1 Conc#0"                       [id=102336, stack(0x0000007393700000,0x0000007393800000) (1024K)]

[error occurred during error reporting (printing all threads), id 0xc0000005, EXCEPTION_ACCESS_VIOLATION (0xc0000005) at pc=0x00007ff834b8a967]
VM state: not at safepoint (not fully initialized)

VM Mutex/Monitor currently owned by a thread:  ([mutex/lock_event])
[0x00007ff8353fd460] Heap_lock - owner thread: 0x0000017642472210

Heap address: 0x0000000604c00000, size: 8116 MB, Compressed Oops mode: Zero based, Oop shift amount: 3

CDS archive(s) mapped at: [0x0000000000000000-0x0000000000000000-0x0000000000000000), size 0, SharedBaseAddress: 0x0000000800000000, ArchiveRelocationMode: 1.
Narrow klass base: 0x0000000000000000, Narrow klass shift: 0, Narrow klass range: 0x0

GC Precious Log:
 CardTable entry size: 512
 Card Set container configuration: InlinePtr #cards 4 size 8 Array Of Cards #cards 32 size 80 Howl #buckets 8 coarsen threshold 7372 Howl Bitmap #cards 1024 size 144 coarsen threshold 921 Card regions per heap region 1 cards per card region 8192

Heap:
 garbage-first heap   total 0K, used 0K [0x0000000604c00000, 0x0000000800000000)
  region size 4096K, 0 young (0K), 0 survivors (0K)
 Metaspace       used 0K, committed 0K, reserved 0K
  class space    used 0K, committed 0K, reserved 0K

Heap Regions: E=young(eden), S=young(survivor), O=old, HS=humongous(starts), HC=humongous(continues), CS=collection set, F=free, TAMS=top-at-mark-start, PB=parsable bottom

Card table byte_map: [0x0000017658580000,0x0000017659560000] _byte_map_base: 0x000001765555a000

Marking Bits: (CMBitMap*) 0x00000176442967d0
 Bits: [0x0000017659560000, 0x0000017661430000)

GC Heap History (0 events):
No events

Dll operation events (1 events):
Event: 0.010 Loaded shared library C:\Program Files\Android\Android Studio\jbr\bin\java.dll

Deoptimization events (0 events):
No events

Classes loaded (0 events):
No events

Classes unloaded (0 events):
No events

Classes redefined (0 events):
No events

Internal exceptions (0 events):
No events

ZGC Phase Switch (0 events):
No events

VM Operations (0 events):
No events

Memory protections (0 events):
No events

Nmethod flushes (0 events):
No events

Events (0 events):
No events


Dynamic libraries:
0x00007ff74a1f0000 - 0x00007ff74a1fa000 	C:\Program Files\Android\Android Studio\jbr\bin\java.exe
0x00007ff99a9c0000 - 0x00007ff99ac26000 	C:\WINDOWS\SYSTEM32\ntdll.dll
0x00007ff999d70000 - 0x00007ff999e39000 	C:\WINDOWS\System32\KERNEL32.DLL
0x00007ff997f20000 - 0x00007ff9982ec000 	C:\WINDOWS\System32\KERNELBASE.dll
0x00007ff9971b0000 - 0x00007ff997346000 	C:\Windows\system32\hmpalert.dll
0x00007ff998630000 - 0x00007ff99877b000 	C:\WINDOWS\System32\ucrtbase.dll
0x00007ff980b30000 - 0x00007ff980b48000 	C:\Program Files\Android\Android Studio\jbr\bin\jli.dll
0x00007ff998780000 - 0x00007ff99894a000 	C:\WINDOWS\System32\USER32.dll
0x00007ff958870000 - 0x00007ff95888b000 	C:\Program Files\Android\Android Studio\jbr\bin\VCRUNTIME140.dll
0x00007ff997d70000 - 0x00007ff997d97000 	C:\WINDOWS\System32\win32u.dll
0x00007ff99a0a0000 - 0x00007ff99a0cb000 	C:\WINDOWS\System32\GDI32.dll
0x00007ff9982f0000 - 0x00007ff998422000 	C:\WINDOWS\System32\gdi32full.dll
0x00007ff9984c0000 - 0x00007ff998563000 	C:\WINDOWS\System32\msvcp_win.dll
0x00007ff9854b0000 - 0x00007ff98574a000 	C:\WINDOWS\WinSxS\amd64_microsoft.windows.common-controls_6595b64144ccf1df_6.0.26100.3912_none_3e07963ce335137e\COMCTL32.dll
0x00007ff99a1f0000 - 0x00007ff99a299000 	C:\WINDOWS\System32\msvcrt.dll
0x00007ff9995e0000 - 0x00007ff999610000 	C:\WINDOWS\System32\IMM32.DLL
0x00007ff97b050000 - 0x00007ff97b05c000 	C:\Program Files\Android\Android Studio\jbr\bin\vcruntime140_1.dll
0x00007ff947400000 - 0x00007ff94748d000 	C:\Program Files\Android\Android Studio\jbr\bin\msvcp140.dll
0x00007ff834850000 - 0x00007ff8354da000 	C:\Program Files\Android\Android Studio\jbr\bin\server\jvm.dll
0x00007ff998950000 - 0x00007ff998a02000 	C:\WINDOWS\System32\ADVAPI32.dll
0x00007ff999530000 - 0x00007ff9995d6000 	C:\WINDOWS\System32\sechost.dll
0x00007ff99a0d0000 - 0x00007ff99a1e6000 	C:\WINDOWS\System32\RPCRT4.dll
0x00007ff99a2a0000 - 0x00007ff99a314000 	C:\WINDOWS\System32\WS2_32.dll
0x00007ff997140000 - 0x00007ff99719e000 	C:\WINDOWS\SYSTEM32\POWRPROF.dll
0x00007ff992920000 - 0x00007ff99292b000 	C:\WINDOWS\SYSTEM32\VERSION.dll
0x00007ff992ea0000 - 0x00007ff992ed6000 	C:\WINDOWS\SYSTEM32\WINMM.dll
0x00007ff997120000 - 0x00007ff997134000 	C:\WINDOWS\SYSTEM32\UMPDC.dll
0x00007ff996730000 - 0x00007ff99674a000 	C:\WINDOWS\SYSTEM32\kernel.appcore.dll
0x00007ff96fa90000 - 0x00007ff96fa9a000 	C:\Program Files\Android\Android Studio\jbr\bin\jimage.dll
0x00007ff994e70000 - 0x00007ff9950b1000 	C:\WINDOWS\SYSTEM32\DBGHELP.DLL
0x00007ff998c10000 - 0x00007ff998f94000 	C:\WINDOWS\System32\combase.dll
0x00007ff998a20000 - 0x00007ff998b00000 	C:\WINDOWS\System32\OLEAUT32.dll
0x00007ff990db0000 - 0x00007ff990de9000 	C:\WINDOWS\SYSTEM32\dbgcore.DLL
0x00007ff997cd0000 - 0x00007ff997d69000 	C:\WINDOWS\System32\bcryptPrimitives.dll
0x00007ff957030000 - 0x00007ff957050000 	C:\Program Files\Android\Android Studio\jbr\bin\java.dll

dbghelp: loaded successfully - version: 4.0.5 - missing functions: none
symbol engine: initialized successfully - sym options: 0x614 - pdb path: .;C:\Program Files\Android\Android Studio\jbr\bin;C:\WINDOWS\SYSTEM32;C:\WINDOWS\WinSxS\amd64_microsoft.windows.common-controls_6595b64144ccf1df_6.0.26100.3912_none_3e07963ce335137e;C:\Program Files\Android\Android Studio\jbr\bin\server

VM Arguments:
java_command: git4idea.http.GitAskPassApp Username for 'https://github.com': 
java_class_path (initial): C:/Program Files/Android/Android Studio/plugins/vcs-git/lib/git4idea-rt.jar;C:/Program Files/Android/Android Studio/lib/externalProcess-rt.jar
Launcher Type: SUN_STANDARD

[Global flags]
     intx CICompilerCount                          = 12                                        {product} {ergonomic}
     uint ConcGCThreads                            = 4                                         {product} {ergonomic}
     uint G1ConcRefinementThreads                  = 15                                        {product} {ergonomic}
   size_t G1HeapRegionSize                         = 4194304                                   {product} {ergonomic}
    uintx GCDrainStackTargetSize                   = 64                                        {product} {ergonomic}
   size_t InitialHeapSize                          = 532676608                                 {product} {ergonomic}
   size_t MarkStackSize                            = 4194304                                   {product} {ergonomic}
   size_t MaxHeapSize                              = 8510242816                                {product} {ergonomic}
   size_t MinHeapDeltaBytes                        = 4194304                                   {product} {ergonomic}
   size_t MinHeapSize                              = 8388608                                   {product} {ergonomic}
    uintx NonNMethodCodeHeapSize                   = 7602480                                {pd product} {ergonomic}
    uintx NonProfiledCodeHeapSize                  = 122027880                              {pd product} {ergonomic}
    uintx ProfiledCodeHeapSize                     = 122027880                              {pd product} {ergonomic}
    uintx ReservedCodeCacheSize                    = 251658240                              {pd product} {ergonomic}
     bool SegmentedCodeCache                       = true                                      {product} {ergonomic}
   size_t SoftMaxHeapSize                          = 8510242816                             {manageable} {ergonomic}
     bool UseCompressedOops                        = true                           {product lp64_product} {ergonomic}
     bool UseG1GC                                  = true                                      {product} {ergonomic}
     bool UseLargePagesIndividualAllocation        = false                                  {pd product} {ergonomic}

Logging:
Log output configuration:
 #0: stdout all=warning uptime,level,tags foldmultilines=false
 #1: stderr all=off uptime,level,tags foldmultilines=false

Environment Variables:
PATH=C:/Program Files/Git/mingw64/libexec/git-core;C:/Program Files/Git/mingw64/libexec/git-core;C:\Program Files\Git\mingw64\bin;C:\Program Files\Git\usr\bin;C:\Users\mayura\bin;C:\WINDOWS\system32;C:\WINDOWS;C:\WINDOWS\System32\Wbem;C:\WINDOWS\System32\WindowsPowerShell\v1.0\;C:\WINDOWS\System32\OpenSSH\;C:\Program Files\dotnet\;C:\Program Files (x86)\NVIDIA Corporation\PhysX\Common;C:\Program Files (x86)\Microsoft SQL Server\160\Tools\Binn\;C:\Program Files\Microsoft SQL Server\160\Tools\Binn\;C:\Program Files\Microsoft SQL Server\Client SDK\ODBC\170\Tools\Binn\;C:\Program Files\Microsoft SQL Server\160\DTS\Binn\;C:\Program Files (x86)\Microsoft SQL Server\160\DTS\Binn\;C:\Program Files\Microsoft SQL Server\150\Tools\Binn\;C:\Program Files\Git\cmd;C:\Program Files\nodejs\;C:\Program Files\RabbitMQ Server\rabbitmq_server-4.0.5\sbin;C:\Program Files\PuTTY\;C:\Users\mayura\AppData\Local\Programs\Python\Python313\Scripts\;C:\Users\mayura\AppData\Local\Programs\Python\Python313\;C:\Users\mayura\AppData\Local\Microsoft\WindowsApps;C:\Users\mayura\AppData\Local\Programs\Microsoft VS Code\bin;C:\Users\mayura\.dotnet\tools;C:\Users\mayura\AppData\Roaming\npm;C:\Users\mayura\AppData\Local\Programs\cursor\resources\app\bin
USERNAME=Mayura
DISPLAY=:0.0
LC_ALL=en_US.UTF-8
TERM=xterm-256color
TMPDIR=C:\Users\mayura\AppData\Local\Temp
OS=Windows_NT
PROCESSOR_IDENTIFIER=Intel64 Family 6 Model 154 Stepping 3, GenuineIntel
TMP=C:\Users\mayura\AppData\Local\Temp
TEMP=C:\Users\mayura\AppData\Local\Temp




Periodic native trim disabled

JNI global refs:
JNI global refs: 0, weak refs: 0

JNI global refs memory usage: 0, weak refs: 0

Process memory usage:
Resident Set Size: 13888K (0% of 33231568K total physical memory with 2015888K free physical memory)

OOME stack traces (most recent first):
Classloader memory used:

---------------  S Y S T E M  ---------------

OS:
 Windows 11 , 64 bit Build 26100 (10.0.26100.3912)
OS uptime: 9 days 8:14 hours
Hyper-V role detected

CPU: total 20 (initial active 20) (10 cores per cpu, 2 threads per core) family 6 model 154 stepping 3 microcode 0x435, cx8, cmov, fxsr, ht, mmx, 3dnowpref, sse, sse2, sse3, ssse3, sse4.1, sse4.2, popcnt, lzcnt, tsc, tscinvbit, avx, avx2, aes, erms, clmul, bmi1, bmi2, adx, sha, fma, vzeroupper, clflush, clflushopt, clwb, hv, serialize, rdtscp, rdpid, fsrm, f16c, cet_ibt, cet_ss
Processor Information for processor 0
  Max Mhz: 1800, Current Mhz: 1800, Mhz Limit: 1800
Processor Information for processor 1
  Max Mhz: 1800, Current Mhz: 1800, Mhz Limit: 1800
Processor Information for processor 2
  Max Mhz: 1800, Current Mhz: 1800, Mhz Limit: 1800
Processor Information for processor 3
  Max Mhz: 1800, Current Mhz: 1800, Mhz Limit: 1800
Processor Information for processor 4
  Max Mhz: 1800, Current Mhz: 1800, Mhz Limit: 1800
Processor Information for processor 5
  Max Mhz: 1800, Current Mhz: 1800, Mhz Limit: 1800
Processor Information for processor 6
  Max Mhz: 1800, Current Mhz: 1800, Mhz Limit: 1800
Processor Information for processor 7
  Max Mhz: 1800, Current Mhz: 1800, Mhz Limit: 1800
Processor Information for processor 8
  Max Mhz: 1800, Current Mhz: 1800, Mhz Limit: 1800
Processor Information for processor 9
  Max Mhz: 1800, Current Mhz: 1800, Mhz Limit: 1800
Processor Information for processor 10
  Max Mhz: 1800, Current Mhz: 1800, Mhz Limit: 1800
Processor Information for processor 11
  Max Mhz: 1800, Current Mhz: 1800, Mhz Limit: 1800
Processor Information for processor 12
  Max Mhz: 1800, Current Mhz: 1800, Mhz Limit: 1800
Processor Information for processor 13
  Max Mhz: 1800, Current Mhz: 1542, Mhz Limit: 1800
Processor Information for processor 14
  Max Mhz: 1800, Current Mhz: 1800, Mhz Limit: 1800
Processor Information for processor 15
  Max Mhz: 1800, Current Mhz: 1800, Mhz Limit: 1800
Processor Information for processor 16
  Max Mhz: 1800, Current Mhz: 1542, Mhz Limit: 1800
Processor Information for processor 17
  Max Mhz: 1800, Current Mhz: 1542, Mhz Limit: 1800
Processor Information for processor 18
  Max Mhz: 1800, Current Mhz: 1800, Mhz Limit: 1800
Processor Information for processor 19
  Max Mhz: 1800, Current Mhz: 1542, Mhz Limit: 1800

Memory: 4k page, system-wide physical 32452M (1968M free)
TotalPageFile size 77193M (AvailPageFile size 364M)
current process WorkingSet (physical memory assigned to process): 13M, peak: 13M
current process commit charge ("private bytes"): 77M, peak: 585M

vm_info: OpenJDK 64-Bit Server VM (21.0.5+-13047016-b750.29) for windows-amd64 JRE (21.0.5+-13047016-b750.29), built on 2025-02-11T21:12:39Z by "builder" with MS VC++ 16.10 / 16.11 (VS2019)

END.
